# JRE version: Java(TM) SE Runtime Environment (8.0_191-b12) (build 1.8.0_191-b12)
# Java VM: Java HotSpot(TM) 64-Bit Server VM (25.191-b12 mixed mode linux-amd64 compressed oops)
Heap:
 PSYoungGen      total 6626304K, used 5145088K [0x00000005cc000000, 0x00000007bfb80000, 0x00000007c0000000)
  eden space 5145088K, 100% used [0x00000005cc000000,0x0000000706080000,0x0000000706080000)
  from space 1481216K, 0% used [0x0000000761200000,0x0000000761200000,0x00000007bb880000)
  to   space 1492480K, 0% used [0x0000000706080000,0x0000000706080000,0x0000000761200000)
 ParOldGen       total 16384000K, used 16383507K [0x00000001e4000000, 0x00000005cc000000, 0x00000005cc000000)
  object space 16384000K, 99% used [0x00000001e4000000,0x00000005cbf84cd8,0x00000005cc000000)
 Metaspace       used 16268K, capacity 16400K, committed 16640K, reserved 1062912K
  class space    used 2490K, capacity 2544K, committed 2560K, reserved 1048576K
GC Heap History (10 events):
Event: 22801.953 GC heap after
Heap after GC invocations=338 (full 145):
 PSYoungGen      total 6626304K, used 157820K [0x00000005cc000000, 0x00000007bfb80000, 0x00000007c0000000)
  eden space 5145088K, 3% used [0x00000005cc000000,0x00000005d5a1f0d0,0x0000000706080000)
  from space 1481216K, 0% used [0x0000000761200000,0x0000000761200000,0x00000007bb880000)
  to   space 1492480K, 0% used [0x0000000706080000,0x0000000706080000,0x0000000761200000)
 ParOldGen       total 16384000K, used 16383638K [0x00000001e4000000, 0x00000005cc000000, 0x00000005cc000000)
  object space 16384000K, 99% used [0x00000001e4000000,0x00000005cbfa59d8,0x00000005cc000000)
 Metaspace       used 16268K, capacity 16400K, committed 16640K, reserved 1062912K
  class space    used 2490K, capacity 2544K, committed 2560K, reserved 1048576K
}
Event: 22822.438 GC heap before
{Heap before GC invocations=339 (full 146):
 PSYoungGen      total 6626304K, used 5145088K [0x00000005cc000000, 0x00000007bfb80000, 0x00000007c0000000)
  eden space 5145088K, 100% used [0x00000005cc000000,0x0000000706080000,0x0000000706080000)
  from space 1481216K, 0% used [0x0000000761200000,0x0000000761200000,0x00000007bb880000)
  to   space 1492480K, 0% used [0x0000000706080000,0x0000000706080000,0x0000000761200000)
 ParOldGen       total 16384000K, used 16383638K [0x00000001e4000000, 0x00000005cc000000, 0x00000005cc000000)
  object space 16384000K, 99% used [0x00000001e4000000,0x00000005cbfa59d8,0x00000005cc000000)
 Metaspace       used 16268K, capacity 16400K, committed 16640K, reserved 1062912K
  class space    used 2490K, capacity 2544K, committed 2560K, reserved 1048576K
Event: 22922.871 GC heap after
Heap after GC invocations=339 (full 146):
 PSYoungGen      total 6626304K, used 158854K [0x00000005cc000000, 0x00000007bfb80000, 0x00000007c0000000)
  eden space 5145088K, 3% used [0x00000005cc000000,0x00000005d5b21be0,0x0000000706080000)
  from space 1481216K, 0% used [0x0000000761200000,0x0000000761200000,0x00000007bb880000)
  to   space 1492480K, 0% used [0x0000000706080000,0x0000000706080000,0x0000000761200000)
 ParOldGen       total 16384000K, used 16383613K [0x00000001e4000000, 0x00000005cc000000, 0x00000005cc000000)
  object space 16384000K, 99% used [0x00000001e4000000,0x00000005cbf9f768,0x00000005cc000000)
 Metaspace       used 16268K, capacity 16400K, committed 16640K, reserved 1062912K
  class space    used 2490K, capacity 2544K, committed 2560K, reserved 1048576K
}
Event: 22940.002 GC heap before
{Heap before GC invocations=340 (full 147):
 PSYoungGen      total 6626304K, used 5145088K [0x00000005cc000000, 0x00000007bfb80000, 0x00000007c0000000)
  eden space 5145088K, 100% used [0x00000005cc000000,0x0000000706080000,0x0000000706080000)
  from space 1481216K, 0% used [0x0000000761200000,0x0000000761200000,0x00000007bb880000)
  to   space 1492480K, 0% used [0x0000000706080000,0x0000000706080000,0x0000000761200000)
 ParOldGen       total 16384000K, used 16383613K [0x00000001e4000000, 0x00000005cc000000, 0x00000005cc000000)
  object space 16384000K, 99% used [0x00000001e4000000,0x00000005cbf9f768,0x00000005cc000000)
 Metaspace       used 16268K, capacity 16400K, committed 16640K, reserved 1062912K
  class space    used 2490K, capacity 2544K, committed 2560K, reserved 1048576K
Event: 23042.999 GC heap after
Heap after GC invocations=340 (full 147):
 PSYoungGen      total 6626304K, used 159965K [0x00000005cc000000, 0x00000007bfb80000, 0x00000007c0000000)
  eden space 5145088K, 3% used [0x00000005cc000000,0x00000005d5c37440,0x0000000706080000)
  from space 1481216K, 0% used [0x0000000761200000,0x0000000761200000,0x00000007bb880000)
  to   space 1492480K, 0% used [0x0000000706080000,0x0000000706080000,0x0000000761200000)
 ParOldGen       total 16384000K, used 16383576K [0x00000001e4000000, 0x00000005cc000000, 0x00000005cc000000)
  object space 16384000K, 99% used [0x00000001e4000000,0x00000005cbf963c0,0x00000005cc000000)
 Metaspace       used 16268K, capacity 16400K, committed 16640K, reserved 1062912K
  class space    used 2490K, capacity 2544K, committed 2560K, reserved 1048576K
}
Event: 23060.064 GC heap before
{Heap before GC invocations=341 (full 148):
 PSYoungGen      total 6626304K, used 5145088K [0x00000005cc000000, 0x00000007bfb80000, 0x00000007c0000000)
  eden space 5145088K, 100% used [0x00000005cc000000,0x0000000706080000,0x0000000706080000)
  from space 1481216K, 0% used [0x0000000761200000,0x0000000761200000,0x00000007bb880000)
  to   space 1492480K, 0% used [0x0000000706080000,0x0000000706080000,0x0000000761200000)
 ParOldGen       total 16384000K, used 16383576K [0x00000001e4000000, 0x00000005cc000000, 0x00000005cc000000)
  object space 16384000K, 99% used [0x00000001e4000000,0x00000005cbf963c0,0x00000005cc000000)
 Metaspace       used 16268K, capacity 16400K, committed 16640K, reserved 1062912K
  class space    used 2490K, capacity 2544K, committed 2560K, reserved 1048576K
Event: 23179.196 GC heap after
Heap after GC invocations=341 (full 148):
 PSYoungGen      total 6626304K, used 161375K [0x00000005cc000000, 0x00000007bfb80000, 0x00000007c0000000)
  eden space 5145088K, 3% used [0x00000005cc000000,0x00000005d5d97ce8,0x0000000706080000)
  from space 1481216K, 0% used [0x0000000761200000,0x0000000761200000,0x00000007bb880000)
  to   space 1492480K, 0% used [0x0000000706080000,0x0000000706080000,0x0000000761200000)
 ParOldGen       total 16384000K, used 16383540K [0x00000001e4000000, 0x00000005cc000000, 0x00000005cc000000)
  object space 16384000K, 99% used [0x00000001e4000000,0x00000005cbf8d018,0x00000005cc000000)
 Metaspace       used 16268K, capacity 16400K, committed 16640K, reserved 1062912K
  class space    used 2490K, capacity 2544K, committed 2560K, reserved 1048576K
}
Event: 23194.153 GC heap before
{Heap before GC invocations=342 (full 149):
 PSYoungGen      total 6626304K, used 5145088K [0x00000005cc000000, 0x00000007bfb80000, 0x00000007c0000000)
  eden space 5145088K, 100% used [0x00000005cc000000,0x0000000706080000,0x0000000706080000)
  from space 1481216K, 0% used [0x0000000761200000,0x0000000761200000,0x00000007bb880000)
  to   space 1492480K, 0% used [0x0000000706080000,0x0000000706080000,0x0000000761200000)
 ParOldGen       total 16384000K, used 16383540K [0x00000001e4000000, 0x00000005cc000000, 0x00000005cc000000)
  object space 16384000K, 99% used [0x00000001e4000000,0x00000005cbf8d018,0x00000005cc000000)
 Metaspace       used 16268K, capacity 16400K, committed 16640K, reserved 1062912K
  class space    used 2490K, capacity 2544K, committed 2560K, reserved 1048576K
Event: 23305.260 GC heap after
Heap after GC invocations=342 (full 149):
 PSYoungGen      total 6626304K, used 162556K [0x00000005cc000000, 0x00000007bfb80000, 0x00000007c0000000)
  eden space 5145088K, 3% used [0x00000005cc000000,0x00000005d5ebf0d0,0x0000000706080000)
  from space 1481216K, 0% used [0x0000000761200000,0x0000000761200000,0x00000007bb880000)
  to   space 1492480K, 0% used [0x0000000706080000,0x0000000706080000,0x0000000761200000)
 ParOldGen       total 16384000K, used 16383507K [0x00000001e4000000, 0x00000005cc000000, 0x00000005cc000000)
  object space 16384000K, 99% used [0x00000001e4000000,0x00000005cbf84cd8,0x00000005cc000000)
 Metaspace       used 16268K, capacity 16400K, committed 16640K, reserved 1062912K
  class space    used 2490K, capacity 2544K, committed 2560K, reserved 1048576K
}
Event: 23326.165 GC heap before
{Heap before GC invocations=343 (full 150):
 PSYoungGen      total 6626304K, used 5145088K [0x00000005cc000000, 0x00000007bfb80000, 0x00000007c0000000)
  eden space 5145088K, 100% used [0x00000005cc000000,0x0000000706080000,0x0000000706080000)
  from space 1481216K, 0% used [0x0000000761200000,0x0000000761200000,0x00000007bb880000)
  to   space 1492480K, 0% used [0x0000000706080000,0x0000000706080000,0x0000000761200000)
 ParOldGen       total 16384000K, used 16383507K [0x00000001e4000000, 0x00000005cc000000, 0x00000005cc000000)
  object space 16384000K, 99% used [0x00000001e4000000,0x00000005cbf84cd8,0x00000005cc000000)
 Metaspace       used 16268K, capacity 16400K, committed 16640K, reserved 1062912K
  class space    used 2490K, capacity 2544K, committed 2560K, reserved 1048576K

