# JRE version: Java(TM) SE Runtime Environment (8.0_191-b12) (build 1.8.0_191-b12)
# Java VM: Java HotSpot(TM) 64-Bit Server VM (25.191-b12 mixed mode linux-amd64 compressed oops)
Heap:
 PSYoungGen      total 4688896K, used 3534616K [0x000000066ab00000, 0x00000007bf000000, 0x00000007c0000000)
  eden space 3830272K, 91% used [0x000000066ab00000,0x0000000740d3af00,0x0000000754780000)
  from space 858624K, 3% used [0x0000000788c00000,0x000000078a58b4c0,0x00000007bd280000)
  to   space 856576K, 0% used [0x0000000754780000,0x0000000754780000,0x0000000788c00000)
 ParOldGen       total 3769856K, used 2946532K [0x00000003c0000000, 0x00000004a6180000, 0x000000066ab00000)
  object space 3769856K, 78% used [0x00000003c0000000,0x0000000473d79120,0x00000004a6180000)
 Metaspace       used 15399K, capacity 15504K, committed 15744K, reserved 1062912K
  class space    used 2384K, capacity 2416K, committed 2432K, reserved 1048576K
GC Heap History (10 events):
Event: 102.538 GC heap before
{Heap before GC invocations=65 (full 12):
 PSYoungGen      total 4633600K, used 4179847K [0x000000066ab00000, 0x00000007c0000000, 0x00000007c0000000)
  eden space 3664896K, 100% used [0x000000066ab00000,0x000000074a600000,0x000000074a600000)
  from space 968704K, 53% used [0x0000000782f80000,0x00000007a2661d00,0x00000007be180000)
  to   space 927232K, 0% used [0x000000074a600000,0x000000074a600000,0x0000000782f80000)
 ParOldGen       total 2946560K, used 2264714K [0x00000003c0000000, 0x0000000473d80000, 0x000000066ab00000)
  object space 2946560K, 76% used [0x00000003c0000000,0x000000044a3a2a80,0x0000000473d80000)
 Metaspace       used 14860K, capacity 14992K, committed 15232K, reserved 1062912K
  class space    used 2314K, capacity 2352K, committed 2432K, reserved 1048576K
Event: 103.151 GC heap after
Heap after GC invocations=65 (full 12):
 PSYoungGen      total 4119552K, used 454279K [0x000000066ab00000, 0x00000007b9480000, 0x00000007c0000000)
  eden space 3664896K, 0% used [0x000000066ab00000,0x000000066ab00000,0x000000074a600000)
  from space 454656K, 99% used [0x000000074a600000,0x00000007661a1ca0,0x0000000766200000)
  to   space 892928K, 0% used [0x0000000782c80000,0x0000000782c80000,0x00000007b9480000)
 ParOldGen       total 2946560K, used 2381274K [0x00000003c0000000, 0x0000000473d80000, 0x000000066ab00000)
  object space 2946560K, 80% used [0x00000003c0000000,0x0000000451576a80,0x0000000473d80000)
 Metaspace       used 14860K, capacity 14992K, committed 15232K, reserved 1062912K
  class space    used 2314K, capacity 2352K, committed 2432K, reserved 1048576K
}
Event: 104.747 GC heap before
{Heap before GC invocations=66 (full 12):
 PSYoungGen      total 4119552K, used 4119175K [0x000000066ab00000, 0x00000007b9480000, 0x00000007c0000000)
  eden space 3664896K, 100% used [0x000000066ab00000,0x000000074a600000,0x000000074a600000)
  from space 454656K, 99% used [0x000000074a600000,0x00000007661a1ca0,0x0000000766200000)
  to   space 892928K, 0% used [0x0000000782c80000,0x0000000782c80000,0x00000007b9480000)
 ParOldGen       total 2946560K, used 2381274K [0x00000003c0000000, 0x0000000473d80000, 0x000000066ab00000)
  object space 2946560K, 80% used [0x00000003c0000000,0x0000000451576a80,0x0000000473d80000)
 Metaspace       used 14866K, capacity 14992K, committed 15232K, reserved 1062912K
  class space    used 2314K, capacity 2352K, committed 2432K, reserved 1048576K
Event: 105.325 GC heap after
Heap after GC invocations=66 (full 12):
 PSYoungGen      total 4611072K, used 391111K [0x000000066ab00000, 0x00000007c0000000, 0x00000007c0000000)
  eden space 3718144K, 0% used [0x000000066ab00000,0x000000066ab00000,0x000000074da00000)
  from space 892928K, 43% used [0x0000000782c80000,0x000000079aa71da0,0x00000007b9480000)
  to   space 870912K, 0% used [0x000000074da00000,0x000000074da00000,0x0000000782c80000)
 ParOldGen       total 2946560K, used 2501386K [0x00000003c0000000, 0x0000000473d80000, 0x000000066ab00000)
  object space 2946560K, 84% used [0x00000003c0000000,0x0000000458ac2a80,0x0000000473d80000)
 Metaspace       used 14866K, capacity 14992K, committed 15232K, reserved 1062912K
  class space    used 2314K, capacity 2352K, committed 2432K, reserved 1048576K
}
Event: 106.879 GC heap before
{Heap before GC invocations=67 (full 12):
 PSYoungGen      total 4611072K, used 4109255K [0x000000066ab00000, 0x00000007c0000000, 0x00000007c0000000)
  eden space 3718144K, 100% used [0x000000066ab00000,0x000000074da00000,0x000000074da00000)
  from space 892928K, 43% used [0x0000000782c80000,0x000000079aa71da0,0x00000007b9480000)
  to   space 870912K, 0% used [0x000000074da00000,0x000000074da00000,0x0000000782c80000)
 ParOldGen       total 2946560K, used 2501386K [0x00000003c0000000, 0x0000000473d80000, 0x000000066ab00000)
  object space 2946560K, 84% used [0x00000003c0000000,0x0000000458ac2a80,0x0000000473d80000)
 Metaspace       used 14866K, capacity 14992K, committed 15232K, reserved 1062912K
  class space    used 2314K, capacity 2352K, committed 2432K, reserved 1048576K
Event: 107.395 GC heap after
Heap after GC invocations=67 (full 12):
 PSYoungGen      total 4589056K, used 332839K [0x000000066ab00000, 0x00000007bd280000, 0x00000007c0000000)
  eden space 3718144K, 0% used [0x000000066ab00000,0x000000066ab00000,0x000000074da00000)
  from space 870912K, 38% used [0x000000074da00000,0x0000000761f09db0,0x0000000782c80000)
  to   space 858624K, 0% used [0x0000000788c00000,0x0000000788c00000,0x00000007bd280000)
 ParOldGen       total 2946560K, used 2615530K [0x00000003c0000000, 0x0000000473d80000, 0x000000066ab00000)
  object space 2946560K, 88% used [0x00000003c0000000,0x000000045fa3aa80,0x0000000473d80000)
 Metaspace       used 14866K, capacity 14992K, committed 15232K, reserved 1062912K
  class space    used 2314K, capacity 2352K, committed 2432K, reserved 1048576K
}
Event: 111.710 GC heap before
{Heap before GC invocations=68 (full 12):
 PSYoungGen      total 4589056K, used 4050983K [0x000000066ab00000, 0x00000007bd280000, 0x00000007c0000000)
  eden space 3718144K, 100% used [0x000000066ab00000,0x000000074da00000,0x000000074da00000)
  from space 870912K, 38% used [0x000000074da00000,0x0000000761f09db0,0x0000000782c80000)
  to   space 858624K, 0% used [0x0000000788c00000,0x0000000788c00000,0x00000007bd280000)
 ParOldGen       total 2946560K, used 2615530K [0x00000003c0000000, 0x0000000473d80000, 0x000000066ab00000)
  object space 2946560K, 88% used [0x00000003c0000000,0x000000045fa3aa80,0x0000000473d80000)
 Metaspace       used 15129K, capacity 15248K, committed 15488K, reserved 1062912K
  class space    used 2366K, capacity 2416K, committed 2432K, reserved 1048576K
Event: 112.135 GC heap after
Heap after GC invocations=68 (full 12):
 PSYoungGen      total 4688896K, used 252685K [0x000000066ab00000, 0x00000007bf000000, 0x00000007c0000000)
  eden space 3830272K, 0% used [0x000000066ab00000,0x000000066ab00000,0x0000000754780000)
  from space 858624K, 29% used [0x0000000788c00000,0x00000007982c34c8,0x00000007bd280000)
  to   space 856576K, 0% used [0x0000000754780000,0x0000000754780000,0x0000000788c00000)
 ParOldGen       total 2946560K, used 2726922K [0x00000003c0000000, 0x0000000473d80000, 0x000000066ab00000)
  object space 2946560K, 92% used [0x00000003c0000000,0x0000000466702a80,0x0000000473d80000)
 Metaspace       used 15129K, capacity 15248K, committed 15488K, reserved 1062912K
  class space    used 2366K, capacity 2416K, committed 2432K, reserved 1048576K
}
Event: 112.135 GC heap before
{Heap before GC invocations=69 (full 13):
 PSYoungGen      total 4688896K, used 252685K [0x000000066ab00000, 0x00000007bf000000, 0x00000007c0000000)
  eden space 3830272K, 0% used [0x000000066ab00000,0x000000066ab00000,0x0000000754780000)
  from space 858624K, 29% used [0x0000000788c00000,0x00000007982c34c8,0x00000007bd280000)
  to   space 856576K, 0% used [0x0000000754780000,0x0000000754780000,0x0000000788c00000)
 ParOldGen       total 2946560K, used 2726922K [0x00000003c0000000, 0x0000000473d80000, 0x000000066ab00000)
  object space 2946560K, 92% used [0x00000003c0000000,0x0000000466702a80,0x0000000473d80000)
 Metaspace       used 15129K, capacity 15248K, committed 15488K, reserved 1062912K
  class space    used 2366K, capacity 2416K, committed 2432K, reserved 1048576K
Event: 117.915 GC heap after
Heap after GC invocations=69 (full 13):
 PSYoungGen      total 4688896K, used 26157K [0x000000066ab00000, 0x00000007bf000000, 0x00000007c0000000)
  eden space 3830272K, 0% used [0x000000066ab00000,0x000000066ab00000,0x0000000754780000)
  from space 858624K, 3% used [0x0000000788c00000,0x000000078a58b4c0,0x00000007bd280000)
  to   space 856576K, 0% used [0x0000000754780000,0x0000000754780000,0x0000000788c00000)
 ParOldGen       total 3769856K, used 2946532K [0x00000003c0000000, 0x00000004a6180000, 0x000000066ab00000)
  object space 3769856K, 78% used [0x00000003c0000000,0x0000000473d79120,0x00000004a6180000)
 Metaspace       used 15129K, capacity 15248K, committed 15488K, reserved 1062912K
  class space    used 2366K, capacity 2416K, committed 2432K, reserved 1048576K
}

