# JRE version: Java(TM) SE Runtime Environment (8.0_191-b12) (build 1.8.0_191-b12)
# Java VM: Java HotSpot(TM) 64-Bit Server VM (25.191-b12 mixed mode linux-amd64 compressed oops)
Heap:
 PSYoungGen      total 4494336K, used 726643K [0x000000066ab00000, 0x00000007c0000000, 0x00000007c0000000)
  eden space 3549184K, 0% used [0x000000066ab00000,0x000000066ab00000,0x0000000743500000)
  from space 945152K, 76% used [0x0000000786500000,0x00000007b2a9cc68,0x00000007c0000000)
  to   space 1021440K, 0% used [0x0000000743500000,0x0000000743500000,0x0000000781a80000)
 ParOldGen       total 1994752K, used 1994548K [0x00000003c0000000, 0x0000000439c00000, 0x000000066ab00000)
  object space 1994752K, 99% used [0x00000003c0000000,0x0000000439bcd110,0x0000000439c00000)
 Metaspace       used 14050K, capacity 14128K, committed 14336K, reserved 1060864K
  class space    used 2158K, capacity 2192K, committed 2304K, reserved 1048576K
GC Heap History (10 events):
Event: 23.662 GC heap after
Heap after GC invocations=22 (full 5):
 PSYoungGen      total 3662336K, used 646652K [0x000000066ab00000, 0x00000007ba100000, 0x00000007c0000000)
  eden space 3015680K, 0% used [0x000000066ab00000,0x000000066ab00000,0x0000000722c00000)
  from space 646656K, 99% used [0x0000000722c00000,0x000000074a37f0a0,0x000000074a380000)
  to   space 912896K, 0% used [0x0000000782580000,0x0000000782580000,0x00000007ba100000)
 ParOldGen       total 1485312K, used 1320661K [0x00000003c0000000, 0x000000041aa80000, 0x000000066ab00000)
  object space 1485312K, 88% used [0x00000003c0000000,0x00000004109b55c8,0x000000041aa80000)
 Metaspace       used 14041K, capacity 14128K, committed 14336K, reserved 1060864K
  class space    used 2158K, capacity 2192K, committed 2304K, reserved 1048576K
}
Event: 23.662 GC heap before
{Heap before GC invocations=23 (full 6):
 PSYoungGen      total 3662336K, used 646652K [0x000000066ab00000, 0x00000007ba100000, 0x00000007c0000000)
  eden space 3015680K, 0% used [0x000000066ab00000,0x000000066ab00000,0x0000000722c00000)
  from space 646656K, 99% used [0x0000000722c00000,0x000000074a37f0a0,0x000000074a380000)
  to   space 912896K, 0% used [0x0000000782580000,0x0000000782580000,0x00000007ba100000)
 ParOldGen       total 1485312K, used 1320661K [0x00000003c0000000, 0x000000041aa80000, 0x000000066ab00000)
  object space 1485312K, 88% used [0x00000003c0000000,0x00000004109b55c8,0x000000041aa80000)
 Metaspace       used 14041K, capacity 14128K, committed 14336K, reserved 1060864K
  class space    used 2158K, capacity 2192K, committed 2304K, reserved 1048576K
Event: 25.049 GC heap after
Heap after GC invocations=23 (full 6):
 PSYoungGen      total 3662336K, used 0K [0x000000066ab00000, 0x00000007ba100000, 0x00000007c0000000)
  eden space 3015680K, 0% used [0x000000066ab00000,0x000000066ab00000,0x0000000722c00000)
  from space 646656K, 0% used [0x0000000722c00000,0x0000000722c00000,0x000000074a380000)
  to   space 912896K, 0% used [0x0000000782580000,0x0000000782580000,0x00000007ba100000)
 ParOldGen       total 1994752K, used 1257598K [0x00000003c0000000, 0x0000000439c00000, 0x000000066ab00000)
  object space 1994752K, 63% used [0x00000003c0000000,0x000000040cc1f870,0x0000000439c00000)
 Metaspace       used 14041K, capacity 14128K, committed 14336K, reserved 1060864K
  class space    used 2158K, capacity 2192K, committed 2304K, reserved 1048576K
}
Event: 26.830 GC heap before
{Heap before GC invocations=24 (full 6):
 PSYoungGen      total 3662336K, used 3015680K [0x000000066ab00000, 0x00000007ba100000, 0x00000007c0000000)
  eden space 3015680K, 100% used [0x000000066ab00000,0x0000000722c00000,0x0000000722c00000)
  from space 646656K, 0% used [0x0000000722c00000,0x0000000722c00000,0x000000074a380000)
  to   space 912896K, 0% used [0x0000000782580000,0x0000000782580000,0x00000007ba100000)
 ParOldGen       total 1994752K, used 1257598K [0x00000003c0000000, 0x0000000439c00000, 0x000000066ab00000)
  object space 1994752K, 63% used [0x00000003c0000000,0x000000040cc1f870,0x0000000439c00000)
 Metaspace       used 14044K, capacity 14128K, committed 14336K, reserved 1060864K
  class space    used 2158K, capacity 2192K, committed 2304K, reserved 1048576K
Event: 27.759 GC heap after
Heap after GC invocations=24 (full 6):
 PSYoungGen      total 4545024K, used 581410K [0x000000066ab00000, 0x00000007bde00000, 0x00000007c0000000)
  eden space 3632128K, 0% used [0x000000066ab00000,0x000000066ab00000,0x0000000748600000)
  from space 912896K, 63% used [0x0000000782580000,0x00000007a5d48ad8,0x00000007ba100000)
  to   space 949760K, 0% used [0x0000000748600000,0x0000000748600000,0x0000000782580000)
 ParOldGen       total 1994752K, used 1257598K [0x00000003c0000000, 0x0000000439c00000, 0x000000066ab00000)
  object space 1994752K, 63% used [0x00000003c0000000,0x000000040cc1f870,0x0000000439c00000)
 Metaspace       used 14044K, capacity 14128K, committed 14336K, reserved 1060864K
  class space    used 2158K, capacity 2192K, committed 2304K, reserved 1048576K
}
Event: 29.726 GC heap before
{Heap before GC invocations=25 (full 6):
 PSYoungGen      total 4545024K, used 4213538K [0x000000066ab00000, 0x00000007bde00000, 0x00000007c0000000)
  eden space 3632128K, 100% used [0x000000066ab00000,0x0000000748600000,0x0000000748600000)
  from space 912896K, 63% used [0x0000000782580000,0x00000007a5d48ad8,0x00000007ba100000)
  to   space 949760K, 0% used [0x0000000748600000,0x0000000748600000,0x0000000782580000)
 ParOldGen       total 1994752K, used 1257655K [0x00000003c0000000, 0x0000000439c00000, 0x000000066ab00000)
  object space 1994752K, 63% used [0x00000003c0000000,0x000000040cc2ddb8,0x0000000439c00000)
 Metaspace       used 14050K, capacity 14128K, committed 14336K, reserved 1060864K
  class space    used 2158K, capacity 2192K, committed 2304K, reserved 1048576K
Event: 30.239 GC heap after
Heap after GC invocations=25 (full 6):
 PSYoungGen      total 4581888K, used 499724K [0x000000066ab00000, 0x00000007c0000000, 0x00000007c0000000)
  eden space 3632128K, 0% used [0x000000066ab00000,0x000000066ab00000,0x0000000748600000)
  from space 949760K, 52% used [0x0000000748600000,0x0000000766e03360,0x0000000782580000)
  to   space 945152K, 0% used [0x0000000786500000,0x0000000786500000,0x00000007c0000000)
 ParOldGen       total 1994752K, used 1510327K [0x00000003c0000000, 0x0000000439c00000, 0x000000066ab00000)
  object space 1994752K, 75% used [0x00000003c0000000,0x000000041c2eddb8,0x0000000439c00000)
 Metaspace       used 14050K, capacity 14128K, committed 14336K, reserved 1060864K
  class space    used 2158K, capacity 2192K, committed 2304K, reserved 1048576K
}
Event: 32.300 GC heap before
{Heap before GC invocations=26 (full 6):
 PSYoungGen      total 4581888K, used 4131852K [0x000000066ab00000, 0x00000007c0000000, 0x00000007c0000000)
  eden space 3632128K, 100% used [0x000000066ab00000,0x0000000748600000,0x0000000748600000)
  from space 949760K, 52% used [0x0000000748600000,0x0000000766e03360,0x0000000782580000)
  to   space 945152K, 0% used [0x0000000786500000,0x0000000786500000,0x00000007c0000000)
 ParOldGen       total 1994752K, used 1510329K [0x00000003c0000000, 0x0000000439c00000, 0x000000066ab00000)
  object space 1994752K, 75% used [0x00000003c0000000,0x000000041c2ee588,0x0000000439c00000)
 Metaspace       used 14050K, capacity 14128K, committed 14336K, reserved 1060864K
  class space    used 2158K, capacity 2192K, committed 2304K, reserved 1048576K
Event: 33.554 GC heap after
Heap after GC invocations=26 (full 6):
 PSYoungGen      total 4494336K, used 726643K [0x000000066ab00000, 0x00000007c0000000, 0x00000007c0000000)
  eden space 3549184K, 0% used [0x000000066ab00000,0x000000066ab00000,0x0000000743500000)
  from space 945152K, 76% used [0x0000000786500000,0x00000007b2a9cc68,0x00000007c0000000)
  to   space 1021440K, 0% used [0x0000000743500000,0x0000000743500000,0x0000000781a80000)
 ParOldGen       total 1994752K, used 1994548K [0x00000003c0000000, 0x0000000439c00000, 0x000000066ab00000)
  object space 1994752K, 99% used [0x00000003c0000000,0x0000000439bcd110,0x0000000439c00000)
 Metaspace       used 14050K, capacity 14128K, committed 14336K, reserved 1060864K
  class space    used 2158K, capacity 2192K, committed 2304K, reserved 1048576K
}
Event: 33.555 GC heap before
{Heap before GC invocations=27 (full 7):
 PSYoungGen      total 4494336K, used 726643K [0x000000066ab00000, 0x00000007c0000000, 0x00000007c0000000)
  eden space 3549184K, 0% used [0x000000066ab00000,0x000000066ab00000,0x0000000743500000)
  from space 945152K, 76% used [0x0000000786500000,0x00000007b2a9cc68,0x00000007c0000000)
  to   space 1021440K, 0% used [0x0000000743500000,0x0000000743500000,0x0000000781a80000)
 ParOldGen       total 1994752K, used 1994548K [0x00000003c0000000, 0x0000000439c00000, 0x000000066ab00000)
  object space 1994752K, 99% used [0x00000003c0000000,0x0000000439bcd110,0x0000000439c00000)
 Metaspace       used 14050K, capacity 14128K, committed 14336K, reserved 1060864K
  class space    used 2158K, capacity 2192K, committed 2304K, reserved 1048576K

