# JRE version: Java(TM) SE Runtime Environment (8.0_191-b12) (build 1.8.0_191-b12)
# Java VM: Java HotSpot(TM) 64-Bit Server VM (25.191-b12 mixed mode linux-amd64 compressed oops)
Heap:
 PSYoungGen      total 4792832K, used 368471K [0x000000066ab00000, 0x00000007c0000000, 0x00000007c0000000)
  eden space 3993600K, 0% used [0x000000066ab00000,0x000000066ab00000,0x000000075e700000)
  from space 799232K, 46% used [0x000000075e700000,0x0000000774ed5ee8,0x000000078f380000)
  to   space 761856K, 0% used [0x0000000791800000,0x0000000791800000,0x00000007c0000000)
 ParOldGen       total 2240512K, used 2032678K [0x00000003c0000000, 0x0000000448c00000, 0x000000066ab00000)
  object space 2240512K, 90% used [0x00000003c0000000,0x000000043c109a60,0x0000000448c00000)
 Metaspace       used 14051K, capacity 14128K, committed 14336K, reserved 1060864K
  class space    used 2158K, capacity 2192K, committed 2304K, reserved 1048576K
GC Heap History (10 events):
Event: 38.066 GC heap after
Heap after GC invocations=29 (full 7):
 PSYoungGen      total 4804096K, used 324517K [0x000000066ab00000, 0x00000007c0000000, 0x00000007c0000000)
  eden space 4111360K, 0% used [0x000000066ab00000,0x000000066ab00000,0x0000000765a00000)
  from space 692736K, 46% used [0x000000078e480000,0x00000007a21697b8,0x00000007b8900000)
  to   space 666112K, 0% used [0x0000000765a00000,0x0000000765a00000,0x000000078e480000)
 ParOldGen       total 1771008K, used 1028425K [0x00000003c0000000, 0x000000042c180000, 0x000000066ab00000)
  object space 1771008K, 58% used [0x00000003c0000000,0x00000003fec526e0,0x000000042c180000)
 Metaspace       used 14050K, capacity 14128K, committed 14336K, reserved 1060864K
  class space    used 2158K, capacity 2192K, committed 2304K, reserved 1048576K
}
Event: 40.430 GC heap before
{Heap before GC invocations=30 (full 7):
 PSYoungGen      total 4804096K, used 4435877K [0x000000066ab00000, 0x00000007c0000000, 0x00000007c0000000)
  eden space 4111360K, 100% used [0x000000066ab00000,0x0000000765a00000,0x0000000765a00000)
  from space 692736K, 46% used [0x000000078e480000,0x00000007a21697b8,0x00000007b8900000)
  to   space 666112K, 0% used [0x0000000765a00000,0x0000000765a00000,0x000000078e480000)
 ParOldGen       total 1771008K, used 1028427K [0x00000003c0000000, 0x000000042c180000, 0x000000066ab00000)
  object space 1771008K, 58% used [0x00000003c0000000,0x00000003fec52ef0,0x000000042c180000)
 Metaspace       used 14050K, capacity 14128K, committed 14336K, reserved 1060864K
  class space    used 2158K, capacity 2192K, committed 2304K, reserved 1048576K
Event: 40.600 GC heap after
Heap after GC invocations=30 (full 7):
 PSYoungGen      total 4777472K, used 346205K [0x000000066ab00000, 0x00000007bc400000, 0x00000007c0000000)
  eden space 4111360K, 0% used [0x000000066ab00000,0x000000066ab00000,0x0000000765a00000)
  from space 666112K, 51% used [0x0000000765a00000,0x000000077ac176e8,0x000000078e480000)
  to   space 648704K, 0% used [0x0000000794a80000,0x0000000794a80000,0x00000007bc400000)
 ParOldGen       total 1771008K, used 1286686K [0x00000003c0000000, 0x000000042c180000, 0x000000066ab00000)
  object space 1771008K, 72% used [0x00000003c0000000,0x000000040e887b70,0x000000042c180000)
 Metaspace       used 14050K, capacity 14128K, committed 14336K, reserved 1060864K
  class space    used 2158K, capacity 2192K, committed 2304K, reserved 1048576K
}
Event: 40.600 GC heap before
{Heap before GC invocations=31 (full 8):
 PSYoungGen      total 4777472K, used 346205K [0x000000066ab00000, 0x00000007bc400000, 0x00000007c0000000)
  eden space 4111360K, 0% used [0x000000066ab00000,0x000000066ab00000,0x0000000765a00000)
  from space 666112K, 51% used [0x0000000765a00000,0x000000077ac176e8,0x000000078e480000)
  to   space 648704K, 0% used [0x0000000794a80000,0x0000000794a80000,0x00000007bc400000)
 ParOldGen       total 1771008K, used 1286686K [0x00000003c0000000, 0x000000042c180000, 0x000000066ab00000)
  object space 1771008K, 72% used [0x00000003c0000000,0x000000040e887b70,0x000000042c180000)
 Metaspace       used 14050K, capacity 14128K, committed 14336K, reserved 1060864K
  class space    used 2158K, capacity 2192K, committed 2304K, reserved 1048576K
Event: 41.688 GC heap after
Heap after GC invocations=31 (full 8):
 PSYoungGen      total 4777472K, used 0K [0x000000066ab00000, 0x00000007bc400000, 0x00000007c0000000)
  eden space 4111360K, 0% used [0x000000066ab00000,0x000000066ab00000,0x0000000765a00000)
  from space 666112K, 0% used [0x0000000765a00000,0x0000000765a00000,0x000000078e480000)
  to   space 648704K, 0% used [0x0000000794a80000,0x0000000794a80000,0x00000007bc400000)
 ParOldGen       total 2240512K, used 1350310K [0x00000003c0000000, 0x0000000448c00000, 0x000000066ab00000)
  object space 2240512K, 60% used [0x00000003c0000000,0x00000004126a9b50,0x0000000448c00000)
 Metaspace       used 14050K, capacity 14128K, committed 14336K, reserved 1060864K
  class space    used 2158K, capacity 2192K, committed 2304K, reserved 1048576K
}
Event: 44.122 GC heap before
{Heap before GC invocations=32 (full 8):
 PSYoungGen      total 4777472K, used 4111360K [0x000000066ab00000, 0x00000007bc400000, 0x00000007c0000000)
  eden space 4111360K, 100% used [0x000000066ab00000,0x0000000765a00000,0x0000000765a00000)
  from space 666112K, 0% used [0x0000000765a00000,0x0000000765a00000,0x000000078e480000)
  to   space 648704K, 0% used [0x0000000794a80000,0x0000000794a80000,0x00000007bc400000)
 ParOldGen       total 2240512K, used 1350310K [0x00000003c0000000, 0x0000000448c00000, 0x000000066ab00000)
  object space 2240512K, 60% used [0x00000003c0000000,0x00000004126a9ba0,0x0000000448c00000)
 Metaspace       used 14050K, capacity 14128K, committed 14336K, reserved 1060864K
  class space    used 2158K, capacity 2192K, committed 2304K, reserved 1048576K
Event: 45.145 GC heap after
Heap after GC invocations=32 (full 8):
 PSYoungGen      total 4642304K, used 648688K [0x000000066ab00000, 0x00000007c0000000, 0x00000007c0000000)
  eden space 3993600K, 0% used [0x000000066ab00000,0x000000066ab00000,0x000000075e700000)
  from space 648704K, 99% used [0x0000000794a80000,0x00000007bc3fc168,0x00000007bc400000)
  to   space 799232K, 0% used [0x000000075e700000,0x000000075e700000,0x000000078f380000)
 ParOldGen       total 2240512K, used 1500150K [0x00000003c0000000, 0x0000000448c00000, 0x000000066ab00000)
  object space 2240512K, 66% used [0x00000003c0000000,0x000000041b8fdba0,0x0000000448c00000)
 Metaspace       used 14050K, capacity 14128K, committed 14336K, reserved 1060864K
  class space    used 2158K, capacity 2192K, committed 2304K, reserved 1048576K
}
Event: 47.508 GC heap before
{Heap before GC invocations=33 (full 8):
 PSYoungGen      total 4642304K, used 4642288K [0x000000066ab00000, 0x00000007c0000000, 0x00000007c0000000)
  eden space 3993600K, 100% used [0x000000066ab00000,0x000000075e700000,0x000000075e700000)
  from space 648704K, 99% used [0x0000000794a80000,0x00000007bc3fc168,0x00000007bc400000)
  to   space 799232K, 0% used [0x000000075e700000,0x000000075e700000,0x000000078f380000)
 ParOldGen       total 2240512K, used 1500153K [0x00000003c0000000, 0x0000000448c00000, 0x000000066ab00000)
  object space 2240512K, 66% used [0x00000003c0000000,0x000000041b8fe480,0x0000000448c00000)
 Metaspace       used 14051K, capacity 14128K, committed 14336K, reserved 1060864K
  class space    used 2158K, capacity 2192K, committed 2304K, reserved 1048576K
Event: 48.510 GC heap after
Heap after GC invocations=33 (full 8):
 PSYoungGen      total 4792832K, used 368471K [0x000000066ab00000, 0x00000007c0000000, 0x00000007c0000000)
  eden space 3993600K, 0% used [0x000000066ab00000,0x000000066ab00000,0x000000075e700000)
  from space 799232K, 46% used [0x000000075e700000,0x0000000774ed5ee8,0x000000078f380000)
  to   space 761856K, 0% used [0x0000000791800000,0x0000000791800000,0x00000007c0000000)
 ParOldGen       total 2240512K, used 2032678K [0x00000003c0000000, 0x0000000448c00000, 0x000000066ab00000)
  object space 2240512K, 90% used [0x00000003c0000000,0x000000043c109a60,0x0000000448c00000)
 Metaspace       used 14051K, capacity 14128K, committed 14336K, reserved 1060864K
  class space    used 2158K, capacity 2192K, committed 2304K, reserved 1048576K
}
Event: 48.510 GC heap before
{Heap before GC invocations=34 (full 9):
 PSYoungGen      total 4792832K, used 368471K [0x000000066ab00000, 0x00000007c0000000, 0x00000007c0000000)
  eden space 3993600K, 0% used [0x000000066ab00000,0x000000066ab00000,0x000000075e700000)
  from space 799232K, 46% used [0x000000075e700000,0x0000000774ed5ee8,0x000000078f380000)
  to   space 761856K, 0% used [0x0000000791800000,0x0000000791800000,0x00000007c0000000)
 ParOldGen       total 2240512K, used 2032678K [0x00000003c0000000, 0x0000000448c00000, 0x000000066ab00000)
  object space 2240512K, 90% used [0x00000003c0000000,0x000000043c109a60,0x0000000448c00000)
 Metaspace       used 14051K, capacity 14128K, committed 14336K, reserved 1060864K
  class space    used 2158K, capacity 2192K, committed 2304K, reserved 1048576K

